
> webpack_demo@1.0.0 dev
> webpack -- --env mode=development

./b
./e
../app.css
./b
./b1
./c
./b1
undefined
./c
./c1
./d
./c1
undefined
./d
./d1
./d1
undefined
undefined
undefined
undefined
./e
./b
undefined
./b
./e
../app.css
./b
./b1
./c
./b1
undefined
./c
./c1
./d
./c1
undefined
./d
./d1
./d1
undefined
undefined
undefined
./e
./b
undefined
./b
./e
../app.css
./b
./b1
./c
./b1
undefined
./c
./c1
./d
./c1
undefined
./d
undefined
undefined
./e
./b
undefined
./b
./e
../app.css
./b
./b1
./c
./b1
undefined
./c
./c1
./d
./c1
./d
./d1
./d1
undefined
undefined
undefined
undefined
./e
./b
undefined
./b
./e
../app.css
./b
./b1
./c
./b1
undefined
./c
undefined
./e
./b
undefined
./b
./e
../app.css
./b
./b1
./c
./b1
./c
./c1
./d
./c1
undefined
./d
./d1
./d1
undefined
undefined
undefined
undefined
./e
./b
undefined
./b
./e
../app.css
./b
./e
./b
undefined
./b1
./c
./b1
undefined
./c
./c1
./d
./c1
undefined
./d
./d1
./d1
undefined
undefined
undefined
undefined
./b1
./c
./b1
undefined
./c
./c1
./d
./c1
undefined
./d
./d1
./d1
undefined
undefined
undefined
./b1
./c
./b1
undefined
./c
./c1
./d
./c1
undefined
./d
undefined
undefined
./b1
./c
./b1
undefined
./c
./c1
./d
./c1
./d
./d1
./d1
undefined
undefined
undefined
undefined
./b1
./c
./b1
undefined
./c
undefined
./b1
./c
./b1
./c
./c1
./d
./c1
undefined
./d
./d1
./d1
undefined
undefined
undefined
undefined
./b1
./c
./b1
undefined
./c
./c1
./d
./c1
undefined
./d
./d1
./d1
undefined
undefined
undefined
undefined
./b
undefined
./b
undefined
./b
undefined
./b
undefined
./b
undefined
./b
undefined
./b
undefined
undefined
undefined
undefined
undefined
undefined
undefined
undefined
./c1
./d
./c1
undefined
./d
./d1
./d1
undefined
undefined
undefined
./c1
./d
./c1
undefined
./d
./d1
./d1
undefined
undefined
./c1
./d
./c1
undefined
./d
undefined
./c1
./d
./c1
./d
./d1
./d1
undefined
undefined
undefined
./c1
./d
./c1
undefined
./d
./d1
./d1
undefined
undefined
undefined
./c1
./d
./c1
undefined
./d
./d1
./d1
undefined
undefined
undefined
./c1
./d
./c1
undefined
./d
./d1
./d1
undefined
undefined
undefined
!./node_modules/style-loader/dist/runtime/injectStylesIntoStyleTag.js
!./node_modules/style-loader/dist/runtime/styleDomAPI.js
!./node_modules/style-loader/dist/runtime/insertBySelector.js
!./node_modules/style-loader/dist/runtime/setAttributesWithoutAttributes.js
!./node_modules/style-loader/dist/runtime/insertStyleElement.js
!./node_modules/style-loader/dist/runtime/styleTagTransform.js
!!./node_modules/css-loader/dist/cjs.js!./app.css
!./node_modules/style-loader/dist/runtime/styleTagTransform.js
undefined
!./node_modules/style-loader/dist/runtime/setAttributesWithoutAttributes.js
undefined
!./node_modules/style-loader/dist/runtime/insertBySelector.js
undefined
!./node_modules/style-loader/dist/runtime/styleDomAPI.js
undefined
!./node_modules/style-loader/dist/runtime/insertStyleElement.js
undefined
!./node_modules/style-loader/dist/runtime/injectStylesIntoStyleTag.js
undefined
!!./node_modules/css-loader/dist/cjs.js!./app.css
./node_modules/css-loader/dist/runtime/noSourceMaps.js
./node_modules/css-loader/dist/runtime/api.js
./node_modules/css-loader/dist/runtime/api.js
undefined
./node_modules/css-loader/dist/runtime/noSourceMaps.js
undefined
undefined
!!./node_modules/css-loader/dist/cjs.js!./app.css
!!./node_modules/css-loader/dist/cjs.js!./app.css
undefined
!!./node_modules/css-loader/dist/cjs.js!./app.css
!!./node_modules/css-loader/dist/cjs.js!./app.css
!!./node_modules/css-loader/dist/cjs.js!./app.css
!./node_modules/style-loader/dist/runtime/injectStylesIntoStyleTag.js
!./node_modules/style-loader/dist/runtime/styleDomAPI.js
!./node_modules/style-loader/dist/runtime/insertBySelector.js
!./node_modules/style-loader/dist/runtime/setAttributesWithoutAttributes.js
!./node_modules/style-loader/dist/runtime/insertStyleElement.js
!./node_modules/style-loader/dist/runtime/styleTagTransform.js
!!./node_modules/css-loader/dist/cjs.js!./app.css
!./node_modules/style-loader/dist/runtime/styleTagTransform.js
undefined
!./node_modules/style-loader/dist/runtime/setAttributesWithoutAttributes.js
undefined
!./node_modules/style-loader/dist/runtime/insertBySelector.js
undefined
!./node_modules/style-loader/dist/runtime/styleDomAPI.js
undefined
!./node_modules/style-loader/dist/runtime/insertStyleElement.js
undefined
!./node_modules/style-loader/dist/runtime/injectStylesIntoStyleTag.js
undefined
!!./node_modules/css-loader/dist/cjs.js!./app.css
./node_modules/css-loader/dist/runtime/noSourceMaps.js
./node_modules/css-loader/dist/runtime/api.js
./node_modules/css-loader/dist/runtime/api.js
undefined
./node_modules/css-loader/dist/runtime/noSourceMaps.js
undefined
undefined
!!./node_modules/css-loader/dist/cjs.js!./app.css
!!./node_modules/css-loader/dist/cjs.js!./app.css
undefined
!!./node_modules/css-loader/dist/cjs.js!./app.css
!!./node_modules/css-loader/dist/cjs.js!./app.css
!!./node_modules/css-loader/dist/cjs.js!./app.css
!./node_modules/style-loader/dist/runtime/injectStylesIntoStyleTag.js
!./node_modules/style-loader/dist/runtime/styleDomAPI.js
!./node_modules/style-loader/dist/runtime/insertBySelector.js
!./node_modules/style-loader/dist/runtime/setAttributesWithoutAttributes.js
!./node_modules/style-loader/dist/runtime/insertStyleElement.js
!./node_modules/style-loader/dist/runtime/styleTagTransform.js
!!./node_modules/css-loader/dist/cjs.js!./app.css
!./node_modules/style-loader/dist/runtime/styleTagTransform.js
undefined
!./node_modules/style-loader/dist/runtime/setAttributesWithoutAttributes.js
undefined
!./node_modules/style-loader/dist/runtime/insertBySelector.js
undefined
!./node_modules/style-loader/dist/runtime/styleDomAPI.js
undefined
!./node_modules/style-loader/dist/runtime/insertStyleElement.js
undefined
!./node_modules/style-loader/dist/runtime/injectStylesIntoStyleTag.js
undefined
!!./node_modules/css-loader/dist/cjs.js!./app.css
./node_modules/css-loader/dist/runtime/noSourceMaps.js
./node_modules/css-loader/dist/runtime/api.js
./node_modules/css-loader/dist/runtime/api.js
undefined
./node_modules/css-loader/dist/runtime/noSourceMaps.js
undefined
undefined
!!./node_modules/css-loader/dist/cjs.js!./app.css
!!./node_modules/css-loader/dist/cjs.js!./app.css
undefined
!!./node_modules/css-loader/dist/cjs.js!./app.css
!!./node_modules/css-loader/dist/cjs.js!./app.css
!!./node_modules/css-loader/dist/cjs.js!./app.css
!./node_modules/style-loader/dist/runtime/injectStylesIntoStyleTag.js
!./node_modules/style-loader/dist/runtime/styleDomAPI.js
!./node_modules/style-loader/dist/runtime/insertBySelector.js
!./node_modules/style-loader/dist/runtime/setAttributesWithoutAttributes.js
!./node_modules/style-loader/dist/runtime/insertStyleElement.js
!./node_modules/style-loader/dist/runtime/styleTagTransform.js
!!./node_modules/css-loader/dist/cjs.js!./app.css
!./node_modules/style-loader/dist/runtime/styleTagTransform.js
undefined
!./node_modules/style-loader/dist/runtime/setAttributesWithoutAttributes.js
undefined
!./node_modules/style-loader/dist/runtime/insertBySelector.js
undefined
!./node_modules/style-loader/dist/runtime/styleDomAPI.js
undefined
!./node_modules/style-loader/dist/runtime/insertStyleElement.js
undefined
!./node_modules/style-loader/dist/runtime/injectStylesIntoStyleTag.js
undefined
!!./node_modules/css-loader/dist/cjs.js!./app.css
./node_modules/css-loader/dist/runtime/noSourceMaps.js
./node_modules/css-loader/dist/runtime/api.js
./node_modules/css-loader/dist/runtime/api.js
undefined
./node_modules/css-loader/dist/runtime/noSourceMaps.js
undefined
undefined
!!./node_modules/css-loader/dist/cjs.js!./app.css
!!./node_modules/css-loader/dist/cjs.js!./app.css
undefined
!!./node_modules/css-loader/dist/cjs.js!./app.css
!!./node_modules/css-loader/dist/cjs.js!./app.css
!!./node_modules/css-loader/dist/cjs.js!./app.css
!./node_modules/style-loader/dist/runtime/injectStylesIntoStyleTag.js
!./node_modules/style-loader/dist/runtime/styleDomAPI.js
!./node_modules/style-loader/dist/runtime/insertBySelector.js
!./node_modules/style-loader/dist/runtime/setAttributesWithoutAttributes.js
!./node_modules/style-loader/dist/runtime/insertStyleElement.js
!./node_modules/style-loader/dist/runtime/styleTagTransform.js
!!./node_modules/css-loader/dist/cjs.js!./app.css
!./node_modules/style-loader/dist/runtime/styleTagTransform.js
undefined
!./node_modules/style-loader/dist/runtime/setAttributesWithoutAttributes.js
undefined
!./node_modules/style-loader/dist/runtime/insertBySelector.js
undefined
!./node_modules/style-loader/dist/runtime/styleDomAPI.js
undefined
!./node_modules/style-loader/dist/runtime/insertStyleElement.js
undefined
!./node_modules/style-loader/dist/runtime/injectStylesIntoStyleTag.js
undefined
!!./node_modules/css-loader/dist/cjs.js!./app.css
./node_modules/css-loader/dist/runtime/noSourceMaps.js
./node_modules/css-loader/dist/runtime/api.js
./node_modules/css-loader/dist/runtime/api.js
undefined
./node_modules/css-loader/dist/runtime/noSourceMaps.js
undefined
undefined
!!./node_modules/css-loader/dist/cjs.js!./app.css
!!./node_modules/css-loader/dist/cjs.js!./app.css
undefined
!!./node_modules/css-loader/dist/cjs.js!./app.css
!!./node_modules/css-loader/dist/cjs.js!./app.css
!!./node_modules/css-loader/dist/cjs.js!./app.css
!./node_modules/style-loader/dist/runtime/injectStylesIntoStyleTag.js
!./node_modules/style-loader/dist/runtime/styleDomAPI.js
!./node_modules/style-loader/dist/runtime/insertBySelector.js
!./node_modules/style-loader/dist/runtime/setAttributesWithoutAttributes.js
!./node_modules/style-loader/dist/runtime/insertStyleElement.js
!./node_modules/style-loader/dist/runtime/styleTagTransform.js
!!./node_modules/css-loader/dist/cjs.js!./app.css
!./node_modules/style-loader/dist/runtime/styleTagTransform.js
undefined
!./node_modules/style-loader/dist/runtime/setAttributesWithoutAttributes.js
undefined
!./node_modules/style-loader/dist/runtime/insertBySelector.js
undefined
!./node_modules/style-loader/dist/runtime/styleDomAPI.js
undefined
!./node_modules/style-loader/dist/runtime/insertStyleElement.js
undefined
!./node_modules/style-loader/dist/runtime/injectStylesIntoStyleTag.js
undefined
!!./node_modules/css-loader/dist/cjs.js!./app.css
./node_modules/css-loader/dist/runtime/noSourceMaps.js
./node_modules/css-loader/dist/runtime/api.js
./node_modules/css-loader/dist/runtime/api.js
undefined
./node_modules/css-loader/dist/runtime/noSourceMaps.js
undefined
undefined
!!./node_modules/css-loader/dist/cjs.js!./app.css
!!./node_modules/css-loader/dist/cjs.js!./app.css
undefined
!!./node_modules/css-loader/dist/cjs.js!./app.css
!!./node_modules/css-loader/dist/cjs.js!./app.css
!!./node_modules/css-loader/dist/cjs.js!./app.css
!./node_modules/style-loader/dist/runtime/injectStylesIntoStyleTag.js
!./node_modules/style-loader/dist/runtime/styleDomAPI.js
!./node_modules/style-loader/dist/runtime/insertBySelector.js
!./node_modules/style-loader/dist/runtime/setAttributesWithoutAttributes.js
!./node_modules/style-loader/dist/runtime/insertStyleElement.js
!./node_modules/style-loader/dist/runtime/styleTagTransform.js
!!./node_modules/css-loader/dist/cjs.js!./app.css
!./node_modules/style-loader/dist/runtime/styleTagTransform.js
undefined
!./node_modules/style-loader/dist/runtime/setAttributesWithoutAttributes.js
undefined
!./node_modules/style-loader/dist/runtime/insertBySelector.js
undefined
!./node_modules/style-loader/dist/runtime/styleDomAPI.js
undefined
!./node_modules/style-loader/dist/runtime/insertStyleElement.js
undefined
!./node_modules/style-loader/dist/runtime/injectStylesIntoStyleTag.js
undefined
!!./node_modules/css-loader/dist/cjs.js!./app.css
./node_modules/css-loader/dist/runtime/noSourceMaps.js
./node_modules/css-loader/dist/runtime/api.js
./node_modules/css-loader/dist/runtime/api.js
undefined
./node_modules/css-loader/dist/runtime/noSourceMaps.js
undefined
undefined
!!./node_modules/css-loader/dist/cjs.js!./app.css
!!./node_modules/css-loader/dist/cjs.js!./app.css
undefined
!!./node_modules/css-loader/dist/cjs.js!./app.css
!!./node_modules/css-loader/dist/cjs.js!./app.css
!!./node_modules/css-loader/dist/cjs.js!./app.css
./node_modules/css-loader/dist/runtime/noSourceMaps.js
./node_modules/css-loader/dist/runtime/api.js
./node_modules/css-loader/dist/runtime/api.js
undefined
./node_modules/css-loader/dist/runtime/noSourceMaps.js
undefined
undefined
./node_modules/css-loader/dist/runtime/noSourceMaps.js
./node_modules/css-loader/dist/runtime/api.js
./node_modules/css-loader/dist/runtime/api.js
undefined
./node_modules/css-loader/dist/runtime/noSourceMaps.js
undefined
undefined
./node_modules/css-loader/dist/runtime/noSourceMaps.js
./node_modules/css-loader/dist/runtime/api.js
./node_modules/css-loader/dist/runtime/api.js
undefined
./node_modules/css-loader/dist/runtime/noSourceMaps.js
undefined
undefined
./node_modules/css-loader/dist/runtime/noSourceMaps.js
./node_modules/css-loader/dist/runtime/api.js
./node_modules/css-loader/dist/runtime/api.js
undefined
./node_modules/css-loader/dist/runtime/noSourceMaps.js
undefined
undefined
./node_modules/css-loader/dist/runtime/noSourceMaps.js
./node_modules/css-loader/dist/runtime/api.js
./node_modules/css-loader/dist/runtime/api.js
undefined
./node_modules/css-loader/dist/runtime/noSourceMaps.js
undefined
undefined
./node_modules/css-loader/dist/runtime/noSourceMaps.js
./node_modules/css-loader/dist/runtime/api.js
./node_modules/css-loader/dist/runtime/api.js
undefined
./node_modules/css-loader/dist/runtime/noSourceMaps.js
undefined
undefined
./node_modules/css-loader/dist/runtime/noSourceMaps.js
./node_modules/css-loader/dist/runtime/api.js
./node_modules/css-loader/dist/runtime/api.js
undefined
./node_modules/css-loader/dist/runtime/noSourceMaps.js
undefined
undefined
undefined
undefined
undefined
undefined
undefined
undefined
undefined
undefined
undefined
undefined
undefined
undefined
undefined
undefined
undefined
undefined
undefined
undefined
undefined
undefined
undefined
undefined
undefined
undefined
undefined
undefined
undefined
undefined
undefined
undefined
undefined
undefined
undefined
undefined
undefined
undefined
undefined
undefined
undefined
undefined
undefined
undefined
undefined
undefined
undefined
undefined
undefined
undefined
undefined
./d1
./d1
undefined
undefined
./d1
./d1
undefined
./d1
./d1
undefined
undefined
./d1
./d1
undefined
undefined
./d1
./d1
undefined
undefined
./d1
./d1
undefined
undefined
./d1
./d1
undefined
undefined
undefined
undefined
undefined
undefined
undefined
undefined
undefined
undefined
undefined
undefined
undefined
undefined
undefined
undefined
undefined
undefined
undefined
undefined
undefined
undefined
undefined
asset a.js 28 KiB [compared for emit] (name: a)
runtime modules 972 bytes 5 modules
cacheable modules 10.7 KiB
  modules by path ./src/*.js 967 bytes
    ./src/a.js 114 bytes [built] [code generated]
    ./src/b.js 169 bytes [built] [code generated]
    ./src/e.js 102 bytes [built] [code generated]
    + 5 modules
  modules by path ./node_modules/ 8.15 KiB
    modules by path ./node_modules/style-loader/dist/runtime/*.js 5.84 KiB 6 modules
    modules by path ./node_modules/css-loader/dist/runtime/*.js 2.31 KiB
      ./node_modules/css-loader/dist/runtime/noSourceMaps.js 64 bytes [built] [code generated]
      ./node_modules/css-loader/dist/runtime/api.js 2.25 KiB [built] [code generated]
  modules by path ./*.css 1.59 KiB
    ./app.css 1.1 KiB [built] [code generated]
    ./node_modules/css-loader/dist/cjs.js!./app.css 501 bytes [built] [code generated]
webpack 5.85.0 compiled successfully in 944 ms
