
> webpack_demo@1.0.0 dev
> webpack -- --env mode=development

Map(2) {
  NormalModule {
    dependencies: [],
    blocks: [],
    parent: undefined,
    type: 'javascript/esm',
    context: 'data:text/',
    layer: null,
    needId: true,
    debugId: 1000,
    resolveOptions: { byDependency: [Object] },
    factoryMeta: undefined,
    useSourceMap: false,
    useSimpleSourceMap: false,
    _warnings: undefined,
    _errors: undefined,
    buildMeta: { exportsType: 'namespace', strictHarmonyModule: true },
    buildInfo: {
      cacheable: true,
      parsed: true,
      fileDependencies: undefined,
      contextDependencies: undefined,
      missingDependencies: undefined,
      buildDependencies: undefined,
      valueDependencies: [Map],
      hash: 'cecdfe51d241c511a9bdcd9cde914632',
      assets: undefined,
      assetsInfo: undefined,
      strict: true,
      exportsArgument: '__webpack_exports__',
      moduleArgument: '__webpack_module__',
      topLevelDeclarations: Set(0) {},
      snapshot: [Snapshot]
    },
    presentationalDependencies: [
      [HarmonyCompatibilityDependency],
      [ConstDependency],
      [ConstDependency]
    ],
    codeGenerationDependencies: undefined,
    request: 'data:text/javascript,__webpack_public_path__ = __webpack_base_uri__ = htmlWebpackPluginPublicPath;',
    userRequest: 'data:text/javascript,__webpack_public_path__ = __webpack_base_uri__ = htmlWebpackPluginPublicPath;',
    rawRequest: 'data:text/javascript,__webpack_public_path__ = __webpack_base_uri__ = htmlWebpackPluginPublicPath;',
    binary: false,
    parser: JavascriptParser {
      hooks: [Object],
      sourceType: 'module',
      scope: undefined,
      state: undefined,
      comments: undefined,
      semicolons: undefined,
      statementPath: undefined,
      prevStatement: undefined,
      destructuringAssignmentProperties: undefined,
      currentTagData: undefined
    },
    parserOptions: undefined,
    generator: JavascriptGenerator {},
    generatorOptions: undefined,
    resource: 'data:text/javascript,__webpack_public_path__ = __webpack_base_uri__ = htmlWebpackPluginPublicPath;',
    resourceResolveData: {
      mimetype: 'text/javascript',
      parameters: '',
      encoding: false,
      encodedContent: '__webpack_public_path__ = __webpack_base_uri__ = htmlWebpackPluginPublicPath;'
    },
    matchResource: undefined,
    loaders: [],
    error: null,
    _source: RawSource {
      _valueIsBuffer: false,
      _value: '__webpack_public_path__ = __webpack_base_uri__ = htmlWebpackPluginPublicPath;',
      _valueAsBuffer: <Buffer 5f 5f 77 65 62 70 61 63 6b 5f 70 75 62 6c 69 63 5f 70 61 74 68 5f 5f 20 3d 20 5f 5f 77 65 62 70 61 63 6b 5f 62 61 73 65 5f 75 72 69 5f 5f 20 3d 20 68 ... 27 more bytes>,
      _valueAsString: '__webpack_public_path__ = __webpack_base_uri__ = htmlWebpackPluginPublicPath;'
    },
    _sourceSizes: undefined,
    _sourceTypes: undefined,
    _lastSuccessfulBuildMeta: { exportsType: 'namespace', strictHarmonyModule: true },
    _forceBuild: false,
    _isEvaluatingSideEffects: false,
    _addedSideEffectsBailout: undefined,
    _codeGeneratorData: Map(0) {},
    _ast: null
  } => ModuleGraphModule {
    incomingConnections: SortableSet(1) [Set] {
      [ModuleGraphConnection],
      _sortFn: undefined,
      _lastActiveSortFn: Symbol(not sorted),
      _cache: undefined,
      _cacheOrderIndependent: undefined
    },
    outgoingConnections: undefined,
    issuer: null,
    optimizationBailout: [],
    exports: ExportsInfo {
      _exports: Map(0) {},
      _otherExportsInfo: [ExportInfo],
      _sideEffectsOnlyInfo: [ExportInfo],
      _exportsAreOrdered: false,
      _redirectTo: undefined
    },
    preOrderIndex: null,
    postOrderIndex: null,
    depth: null,
    profile: undefined,
    async: false,
    _unassignedConnections: undefined
  },
  NormalModule {
    dependencies: [ [CommonJsSelfReferenceDependency] ],
    blocks: [],
    parent: undefined,
    type: 'javascript/auto',
    context: '/Users/ayushajay/Desktop/Webpack_demo/node_modules/html-webpack-plugin',
    layer: null,
    needId: true,
    debugId: 1001,
    resolveOptions: {},
    factoryMeta: undefined,
    useSourceMap: false,
    useSimpleSourceMap: false,
    _warnings: undefined,
    _errors: undefined,
    buildMeta: {},
    buildInfo: {
      cacheable: true,
      parsed: true,
      fileDependencies: undefined,
      contextDependencies: undefined,
      missingDependencies: undefined,
      buildDependencies: [LazySet],
      valueDependencies: [Map],
      hash: '43f5bfd4f73a24f7281576b2322f4776',
      assets: undefined,
      assetsInfo: undefined,
      topLevelDeclarations: [Set],
      snapshot: [Snapshot]
    },
    presentationalDependencies: [ [ConstDependency] ],
    codeGenerationDependencies: undefined,
    request: '/Users/ayushajay/Desktop/Webpack_demo/node_modules/html-webpack-plugin/lib/loader.js!/Users/ayushajay/Desktop/Webpack_demo/node_modules/html-webpack-plugin/default_index.ejs',
    userRequest: '/Users/ayushajay/Desktop/Webpack_demo/node_modules/html-webpack-plugin/lib/loader.js!/Users/ayushajay/Desktop/Webpack_demo/node_modules/html-webpack-plugin/default_index.ejs',
    rawRequest: '/Users/ayushajay/Desktop/Webpack_demo/node_modules/html-webpack-plugin/lib/loader.js!/Users/ayushajay/Desktop/Webpack_demo/node_modules/html-webpack-plugin/default_index.ejs',
    binary: false,
    parser: JavascriptParser {
      hooks: [Object],
      sourceType: 'auto',
      scope: undefined,
      state: undefined,
      comments: undefined,
      semicolons: undefined,
      statementPath: undefined,
      prevStatement: undefined,
      destructuringAssignmentProperties: undefined,
      currentTagData: undefined
    },
    parserOptions: undefined,
    generator: JavascriptGenerator {},
    generatorOptions: undefined,
    resource: '/Users/ayushajay/Desktop/Webpack_demo/node_modules/html-webpack-plugin/default_index.ejs',
    resourceResolveData: {
      _ResolverCachePluginCacheMiss: true,
      context: [Object],
      path: '/Users/ayushajay/Desktop/Webpack_demo/node_modules/html-webpack-plugin/default_index.ejs',
      request: undefined,
      query: '',
      fragment: '',
      module: false,
      directory: false,
      file: false,
      internal: false,
      fullySpecified: false,
      descriptionFilePath: '/Users/ayushajay/Desktop/Webpack_demo/node_modules/html-webpack-plugin/package.json',
      descriptionFileData: [Object],
      descriptionFileRoot: '/Users/ayushajay/Desktop/Webpack_demo/node_modules/html-webpack-plugin',
      relativePath: './default_index.ejs',
      __innerRequest_request: undefined,
      __innerRequest_relativePath: './default_index.ejs',
      __innerRequest: './default_index.ejs'
    },
    matchResource: undefined,
    loaders: [ [Object] ],
    error: null,
    _source: RawSource {
      _valueIsBuffer: false,
      _value: 'var _ = __non_webpack_require__("/Users/ayushajay/Desktop/Webpack_demo/node_modules/lodash/lodash.js");module.exports = function (templateParams) { with(templateParams) {return (function(data) {\n' +
        "var __t, __p = '';\n" +
        `__p += '<!DOCTYPE html>\\n<html>\\n  <head>\\n    <meta charset="utf-8">\\n    <title>' +\n` +
        "((__t = ( htmlWebpackPlugin.options.title )) == null ? '' : __t) +\n" +
        "'</title>\\n  </head>\\n  <body>\\n  </body>\\n</html>';\n" +
        'return __p\n' +
        '})();}}',
      _valueAsBuffer: <Buffer 76 61 72 20 5f 20 3d 20 5f 5f 6e 6f 6e 5f 77 65 62 70 61 63 6b 5f 72 65 71 75 69 72 65 5f 5f 28 22 2f 55 73 65 72 73 2f 61 79 75 73 68 61 6a 61 79 2f ... 388 more bytes>,
      _valueAsString: 'var _ = __non_webpack_require__("/Users/ayushajay/Desktop/Webpack_demo/node_modules/lodash/lodash.js");module.exports = function (templateParams) { with(templateParams) {return (function(data) {\n' +
        "var __t, __p = '';\n" +
        `__p += '<!DOCTYPE html>\\n<html>\\n  <head>\\n    <meta charset="utf-8">\\n    <title>' +\n` +
        "((__t = ( htmlWebpackPlugin.options.title )) == null ? '' : __t) +\n" +
        "'</title>\\n  </head>\\n  <body>\\n  </body>\\n</html>';\n" +
        'return __p\n' +
        '})();}}'
    },
    _sourceSizes: undefined,
    _sourceTypes: undefined,
    _lastSuccessfulBuildMeta: {},
    _forceBuild: false,
    _isEvaluatingSideEffects: false,
    _addedSideEffectsBailout: undefined,
    _codeGeneratorData: Map(0) {},
    _ast: null
  } => ModuleGraphModule {
    incomingConnections: SortableSet(2) [Set] {
      [ModuleGraphConnection],
      [ModuleGraphConnection],
      _sortFn: undefined,
      _lastActiveSortFn: Symbol(not sorted),
      _cache: undefined,
      _cacheOrderIndependent: undefined
    },
    outgoingConnections: SortableSet(1) [Set] {
      [ModuleGraphConnection],
      _sortFn: undefined,
      _lastActiveSortFn: Symbol(not sorted),
      _cache: undefined,
      _cacheOrderIndependent: undefined
    },
    issuer: null,
    optimizationBailout: [
      'CommonJS bailout: module.exports is used directly at 1:103-117'
    ],
    exports: ExportsInfo {
      _exports: Map(0) {},
      _otherExportsInfo: [ExportInfo],
      _sideEffectsOnlyInfo: [ExportInfo],
      _exportsAreOrdered: false,
      _redirectTo: undefined
    },
    preOrderIndex: null,
    postOrderIndex: null,
    depth: null,
    profile: undefined,
    async: false,
    _unassignedConnections: [ [ModuleGraphConnection] ]
  }
}
ROOT
Map(7) {
  NormalModule {
    dependencies: [
      [HarmonyImportSideEffectDependency],
      [HarmonyImportSpecifierDependency]
    ],
    blocks: [],
    parent: undefined,
    type: 'javascript/auto',
    context: '/Users/ayushajay/Desktop/Webpack_demo/src',
    layer: null,
    needId: true,
    debugId: 1006,
    resolveOptions: {},
    factoryMeta: undefined,
    useSourceMap: false,
    useSimpleSourceMap: false,
    _warnings: undefined,
    _errors: undefined,
    buildMeta: { exportsType: 'namespace' },
    buildInfo: {
      cacheable: true,
      parsed: true,
      fileDependencies: undefined,
      contextDependencies: undefined,
      missingDependencies: undefined,
      buildDependencies: [LazySet],
      valueDependencies: [Map],
      hash: 'b68abcb0bf56ae521c6b84e1c7549380',
      assets: undefined,
      assetsInfo: undefined,
      strict: true,
      exportsArgument: '__webpack_exports__',
      topLevelDeclarations: Set(0) {},
      snapshot: [Snapshot]
    },
    presentationalDependencies: [ [HarmonyCompatibilityDependency], [ConstDependency] ],
    codeGenerationDependencies: undefined,
    request: '/Users/ayushajay/Desktop/Webpack_demo/node_modules/babel-loader/lib/index.js??ruleSet[1].rules[0].use!/Users/ayushajay/Desktop/Webpack_demo/src/a.js',
    userRequest: '/Users/ayushajay/Desktop/Webpack_demo/src/a.js',
    rawRequest: './src/a.js',
    binary: false,
    parser: JavascriptParser {
      hooks: [Object],
      sourceType: 'auto',
      scope: undefined,
      state: undefined,
      comments: undefined,
      semicolons: undefined,
      statementPath: undefined,
      prevStatement: undefined,
      destructuringAssignmentProperties: undefined,
      currentTagData: undefined
    },
    parserOptions: undefined,
    generator: JavascriptGenerator {},
    generatorOptions: undefined,
    resource: '/Users/ayushajay/Desktop/Webpack_demo/src/a.js',
    resourceResolveData: {
      _ResolverCachePluginCacheMiss: true,
      context: [Object],
      path: '/Users/ayushajay/Desktop/Webpack_demo/src/a.js',
      request: undefined,
      query: '',
      fragment: '',
      module: false,
      directory: false,
      file: false,
      internal: false,
      fullySpecified: false,
      descriptionFilePath: '/Users/ayushajay/Desktop/Webpack_demo/package.json',
      descriptionFileData: [Object],
      descriptionFileRoot: '/Users/ayushajay/Desktop/Webpack_demo',
      relativePath: './src/a.js',
      __innerRequest_request: undefined,
      __innerRequest_relativePath: './src/a.js',
      __innerRequest: './src/a.js'
    },
    matchResource: undefined,
    loaders: [ [Object] ],
    error: null,
    _source: RawSource {
      _valueIsBuffer: false,
      _value: "import { bFunc } from './b';\nconsole.log('A');\nbFunc();",
      _valueAsBuffer: <Buffer 69 6d 70 6f 72 74 20 7b 20 62 46 75 6e 63 20 7d 20 66 72 6f 6d 20 27 2e 2f 62 27 3b 0a 63 6f 6e 73 6f 6c 65 2e 6c 6f 67 28 27 41 27 29 3b 0a 62 46 75 ... 5 more bytes>,
      _valueAsString: "import { bFunc } from './b';\nconsole.log('A');\nbFunc();"
    },
    _sourceSizes: undefined,
    _sourceTypes: undefined,
    _lastSuccessfulBuildMeta: { exportsType: 'namespace' },
    _forceBuild: false,
    _isEvaluatingSideEffects: false,
    _addedSideEffectsBailout: undefined,
    _codeGeneratorData: Map(0) {},
    _ast: null
  } => ModuleGraphModule {
    incomingConnections: SortableSet(1) [Set] {
      [ModuleGraphConnection],
      _sortFn: undefined,
      _lastActiveSortFn: Symbol(not sorted),
      _cache: undefined,
      _cacheOrderIndependent: undefined
    },
    outgoingConnections: SortableSet(2) [Set] {
      [ModuleGraphConnection],
      [ModuleGraphConnection],
      _sortFn: undefined,
      _lastActiveSortFn: Symbol(not sorted),
      _cache: undefined,
      _cacheOrderIndependent: undefined
    },
    issuer: null,
    optimizationBailout: [],
    exports: ExportsInfo {
      _exports: Map(0) {},
      _otherExportsInfo: [ExportInfo],
      _sideEffectsOnlyInfo: [ExportInfo],
      _exportsAreOrdered: false,
      _redirectTo: undefined
    },
    preOrderIndex: null,
    postOrderIndex: null,
    depth: null,
    profile: undefined,
    async: false,
    _unassignedConnections: [ [ModuleGraphConnection], [ModuleGraphConnection] ]
  },
  NormalModule {
    dependencies: [
      [HarmonyImportSideEffectDependency],
      [HarmonyImportSideEffectDependency],
      [HarmonyImportSpecifierDependency],
      [HarmonyImportSpecifierDependency],
      [HarmonyExportSpecifierDependency]
    ],
    blocks: [],
    parent: undefined,
    type: 'javascript/auto',
    context: '/Users/ayushajay/Desktop/Webpack_demo/src',
    layer: null,
    needId: true,
    debugId: 1007,
    resolveOptions: {},
    factoryMeta: undefined,
    useSourceMap: false,
    useSimpleSourceMap: false,
    _warnings: undefined,
    _errors: undefined,
    buildMeta: { exportsType: 'namespace' },
    buildInfo: {
      cacheable: true,
      parsed: true,
      fileDependencies: undefined,
      contextDependencies: undefined,
      missingDependencies: undefined,
      buildDependencies: [LazySet],
      valueDependencies: [Map],
      hash: '5e997280b345fbdf70360c857556d103',
      assets: undefined,
      assetsInfo: undefined,
      strict: true,
      exportsArgument: '__webpack_exports__',
      topLevelDeclarations: [Set],
      snapshot: [Snapshot]
    },
    presentationalDependencies: [
      [HarmonyCompatibilityDependency],
      [ConstDependency],
      [ConstDependency],
      [HarmonyExportHeaderDependency]
    ],
    codeGenerationDependencies: undefined,
    request: '/Users/ayushajay/Desktop/Webpack_demo/node_modules/babel-loader/lib/index.js??ruleSet[1].rules[0].use!/Users/ayushajay/Desktop/Webpack_demo/src/b.js',
    userRequest: '/Users/ayushajay/Desktop/Webpack_demo/src/b.js',
    rawRequest: './b',
    binary: false,
    parser: JavascriptParser {
      hooks: [Object],
      sourceType: 'auto',
      scope: undefined,
      state: undefined,
      comments: undefined,
      semicolons: undefined,
      statementPath: undefined,
      prevStatement: undefined,
      destructuringAssignmentProperties: undefined,
      currentTagData: undefined
    },
    parserOptions: undefined,
    generator: JavascriptGenerator {},
    generatorOptions: undefined,
    resource: '/Users/ayushajay/Desktop/Webpack_demo/src/b.js',
    resourceResolveData: {
      _ResolverCachePluginCacheMiss: true,
      context: [Object],
      path: '/Users/ayushajay/Desktop/Webpack_demo/src/b.js',
      request: undefined,
      query: '',
      fragment: '',
      module: false,
      directory: false,
      file: false,
      internal: false,
      fullySpecified: false,
      descriptionFilePath: '/Users/ayushajay/Desktop/Webpack_demo/package.json',
      descriptionFileData: [Object],
      descriptionFileRoot: '/Users/ayushajay/Desktop/Webpack_demo',
      relativePath: './src/b.js',
      __innerRequest_request: undefined,
      __innerRequest_relativePath: './src/b.js',
      __innerRequest: './src/b.js'
    },
    matchResource: undefined,
    loaders: [ [Object] ],
    error: null,
    _source: RawSource {
      _valueIsBuffer: false,
      _value: "import { b1Func } from './b1';\n" +
        "import { cFunc } from './c';\n" +
        "console.log('B');\n" +
        'b1Func();\n' +
        'cFunc();\n' +
        'export var bFunc = function bFunc() {\n' +
        "  console.log('bFunc invoked');\n" +
        '};',
      _valueAsBuffer: <Buffer 69 6d 70 6f 72 74 20 7b 20 62 31 46 75 6e 63 20 7d 20 66 72 6f 6d 20 27 2e 2f 62 31 27 3b 0a 69 6d 70 6f 72 74 20 7b 20 63 46 75 6e 63 20 7d 20 66 72 ... 119 more bytes>,
      _valueAsString: "import { b1Func } from './b1';\n" +
        "import { cFunc } from './c';\n" +
        "console.log('B');\n" +
        'b1Func();\n' +
        'cFunc();\n' +
        'export var bFunc = function bFunc() {\n' +
        "  console.log('bFunc invoked');\n" +
        '};'
    },
    _sourceSizes: undefined,
    _sourceTypes: undefined,
    _lastSuccessfulBuildMeta: { exportsType: 'namespace' },
    _forceBuild: false,
    _isEvaluatingSideEffects: false,
    _addedSideEffectsBailout: undefined,
    _codeGeneratorData: Map(0) {},
    _ast: null
  } => ModuleGraphModule {
    incomingConnections: SortableSet(2) [Set] {
      [ModuleGraphConnection],
      [ModuleGraphConnection],
      _sortFn: undefined,
      _lastActiveSortFn: Symbol(not sorted),
      _cache: undefined,
      _cacheOrderIndependent: undefined
    },
    outgoingConnections: SortableSet(4) [Set] {
      [ModuleGraphConnection],
      [ModuleGraphConnection],
      [ModuleGraphConnection],
      [ModuleGraphConnection],
      _sortFn: undefined,
      _lastActiveSortFn: Symbol(not sorted),
      _cache: undefined,
      _cacheOrderIndependent: undefined
    },
    issuer: NormalModule {
      dependencies: [Array],
      blocks: [],
      parent: undefined,
      type: 'javascript/auto',
      context: '/Users/ayushajay/Desktop/Webpack_demo/src',
      layer: null,
      needId: true,
      debugId: 1006,
      resolveOptions: {},
      factoryMeta: undefined,
      useSourceMap: false,
      useSimpleSourceMap: false,
      _warnings: undefined,
      _errors: undefined,
      buildMeta: [Object],
      buildInfo: [Object],
      presentationalDependencies: [Array],
      codeGenerationDependencies: undefined,
      request: '/Users/ayushajay/Desktop/Webpack_demo/node_modules/babel-loader/lib/index.js??ruleSet[1].rules[0].use!/Users/ayushajay/Desktop/Webpack_demo/src/a.js',
      userRequest: '/Users/ayushajay/Desktop/Webpack_demo/src/a.js',
      rawRequest: './src/a.js',
      binary: false,
      parser: [JavascriptParser],
      parserOptions: undefined,
      generator: JavascriptGenerator {},
      generatorOptions: undefined,
      resource: '/Users/ayushajay/Desktop/Webpack_demo/src/a.js',
      resourceResolveData: [Object],
      matchResource: undefined,
      loaders: [Array],
      error: null,
      _source: [RawSource],
      _sourceSizes: undefined,
      _sourceTypes: undefined,
      _lastSuccessfulBuildMeta: [Object],
      _forceBuild: false,
      _isEvaluatingSideEffects: false,
      _addedSideEffectsBailout: undefined,
      _codeGeneratorData: Map(0) {},
      _ast: null
    },
    optimizationBailout: [],
    exports: ExportsInfo {
      _exports: Map(0) {},
      _otherExportsInfo: [ExportInfo],
      _sideEffectsOnlyInfo: [ExportInfo],
      _exportsAreOrdered: false,
      _redirectTo: undefined
    },
    preOrderIndex: null,
    postOrderIndex: null,
    depth: null,
    profile: undefined,
    async: false,
    _unassignedConnections: [
      [ModuleGraphConnection],
      [ModuleGraphConnection],
      [ModuleGraphConnection],
      [ModuleGraphConnection]
    ]
  },
  NormalModule {
    dependencies: [
      [HarmonyImportSideEffectDependency],
      [HarmonyImportSideEffectDependency],
      [HarmonyImportSpecifierDependency],
      [HarmonyImportSpecifierDependency],
      [HarmonyExportSpecifierDependency]
    ],
    blocks: [],
    parent: undefined,
    type: 'javascript/auto',
    context: '/Users/ayushajay/Desktop/Webpack_demo/src',
    layer: null,
    needId: true,
    debugId: 1008,
    resolveOptions: {},
    factoryMeta: undefined,
    useSourceMap: false,
    useSimpleSourceMap: false,
    _warnings: undefined,
    _errors: undefined,
    buildMeta: { exportsType: 'namespace' },
    buildInfo: {
      cacheable: true,
      parsed: true,
      fileDependencies: undefined,
      contextDependencies: undefined,
      missingDependencies: undefined,
      buildDependencies: [LazySet],
      valueDependencies: [Map],
      hash: '95a9278dbfa2f8f15dd58898c9779f81',
      assets: undefined,
      assetsInfo: undefined,
      strict: true,
      exportsArgument: '__webpack_exports__',
      topLevelDeclarations: [Set],
      snapshot: [Snapshot]
    },
    presentationalDependencies: [
      [HarmonyCompatibilityDependency],
      [ConstDependency],
      [ConstDependency],
      [HarmonyExportHeaderDependency]
    ],
    codeGenerationDependencies: undefined,
    request: '/Users/ayushajay/Desktop/Webpack_demo/node_modules/babel-loader/lib/index.js??ruleSet[1].rules[0].use!/Users/ayushajay/Desktop/Webpack_demo/src/c.js',
    userRequest: '/Users/ayushajay/Desktop/Webpack_demo/src/c.js',
    rawRequest: './c',
    binary: false,
    parser: JavascriptParser {
      hooks: [Object],
      sourceType: 'auto',
      scope: undefined,
      state: undefined,
      comments: undefined,
      semicolons: undefined,
      statementPath: undefined,
      prevStatement: undefined,
      destructuringAssignmentProperties: undefined,
      currentTagData: undefined
    },
    parserOptions: undefined,
    generator: JavascriptGenerator {},
    generatorOptions: undefined,
    resource: '/Users/ayushajay/Desktop/Webpack_demo/src/c.js',
    resourceResolveData: {
      _ResolverCachePluginCacheMiss: true,
      context: [Object],
      path: '/Users/ayushajay/Desktop/Webpack_demo/src/c.js',
      request: undefined,
      query: '',
      fragment: '',
      module: false,
      directory: false,
      file: false,
      internal: false,
      fullySpecified: false,
      descriptionFilePath: '/Users/ayushajay/Desktop/Webpack_demo/package.json',
      descriptionFileData: [Object],
      descriptionFileRoot: '/Users/ayushajay/Desktop/Webpack_demo',
      relativePath: './src/c.js',
      __innerRequest_request: undefined,
      __innerRequest_relativePath: './src/c.js',
      __innerRequest: './src/c.js'
    },
    matchResource: undefined,
    loaders: [ [Object] ],
    error: null,
    _source: RawSource {
      _valueIsBuffer: false,
      _value: "import { c1Func } from './c1';\n" +
        "import { dFunc } from './d';\n" +
        'c1Func();\n' +
        'dFunc();\n' +
        "console.log('C');\n" +
        'export var cFunc = function cFunc() {\n' +
        "  console.log('cFunc invoked');\n" +
        '};',
      _valueAsBuffer: <Buffer 69 6d 70 6f 72 74 20 7b 20 63 31 46 75 6e 63 20 7d 20 66 72 6f 6d 20 27 2e 2f 63 31 27 3b 0a 69 6d 70 6f 72 74 20 7b 20 64 46 75 6e 63 20 7d 20 66 72 ... 119 more bytes>,
      _valueAsString: "import { c1Func } from './c1';\n" +
        "import { dFunc } from './d';\n" +
        'c1Func();\n' +
        'dFunc();\n' +
        "console.log('C');\n" +
        'export var cFunc = function cFunc() {\n' +
        "  console.log('cFunc invoked');\n" +
        '};'
    },
    _sourceSizes: undefined,
    _sourceTypes: undefined,
    _lastSuccessfulBuildMeta: { exportsType: 'namespace' },
    _forceBuild: false,
    _isEvaluatingSideEffects: false,
    _addedSideEffectsBailout: undefined,
    _codeGeneratorData: Map(0) {},
    _ast: null
  } => ModuleGraphModule {
    incomingConnections: SortableSet(2) [Set] {
      [ModuleGraphConnection],
      [ModuleGraphConnection],
      _sortFn: undefined,
      _lastActiveSortFn: Symbol(not sorted),
      _cache: undefined,
      _cacheOrderIndependent: undefined
    },
    outgoingConnections: SortableSet(4) [Set] {
      [ModuleGraphConnection],
      [ModuleGraphConnection],
      [ModuleGraphConnection],
      [ModuleGraphConnection],
      _sortFn: undefined,
      _lastActiveSortFn: Symbol(not sorted),
      _cache: undefined,
      _cacheOrderIndependent: undefined
    },
    issuer: NormalModule {
      dependencies: [Array],
      blocks: [],
      parent: undefined,
      type: 'javascript/auto',
      context: '/Users/ayushajay/Desktop/Webpack_demo/src',
      layer: null,
      needId: true,
      debugId: 1007,
      resolveOptions: {},
      factoryMeta: undefined,
      useSourceMap: false,
      useSimpleSourceMap: false,
      _warnings: undefined,
      _errors: undefined,
      buildMeta: [Object],
      buildInfo: [Object],
      presentationalDependencies: [Array],
      codeGenerationDependencies: undefined,
      request: '/Users/ayushajay/Desktop/Webpack_demo/node_modules/babel-loader/lib/index.js??ruleSet[1].rules[0].use!/Users/ayushajay/Desktop/Webpack_demo/src/b.js',
      userRequest: '/Users/ayushajay/Desktop/Webpack_demo/src/b.js',
      rawRequest: './b',
      binary: false,
      parser: [JavascriptParser],
      parserOptions: undefined,
      generator: JavascriptGenerator {},
      generatorOptions: undefined,
      resource: '/Users/ayushajay/Desktop/Webpack_demo/src/b.js',
      resourceResolveData: [Object],
      matchResource: undefined,
      loaders: [Array],
      error: null,
      _source: [RawSource],
      _sourceSizes: undefined,
      _sourceTypes: undefined,
      _lastSuccessfulBuildMeta: [Object],
      _forceBuild: false,
      _isEvaluatingSideEffects: false,
      _addedSideEffectsBailout: undefined,
      _codeGeneratorData: Map(0) {},
      _ast: null
    },
    optimizationBailout: [],
    exports: ExportsInfo {
      _exports: Map(0) {},
      _otherExportsInfo: [ExportInfo],
      _sideEffectsOnlyInfo: [ExportInfo],
      _exportsAreOrdered: false,
      _redirectTo: undefined
    },
    preOrderIndex: null,
    postOrderIndex: null,
    depth: null,
    profile: undefined,
    async: false,
    _unassignedConnections: [
      [ModuleGraphConnection],
      [ModuleGraphConnection],
      [ModuleGraphConnection],
      [ModuleGraphConnection]
    ]
  },
  NormalModule {
    dependencies: [ [HarmonyExportSpecifierDependency] ],
    blocks: [],
    parent: undefined,
    type: 'javascript/auto',
    context: '/Users/ayushajay/Desktop/Webpack_demo/src',
    layer: null,
    needId: true,
    debugId: 1009,
    resolveOptions: {},
    factoryMeta: undefined,
    useSourceMap: false,
    useSimpleSourceMap: false,
    _warnings: undefined,
    _errors: undefined,
    buildMeta: { exportsType: 'namespace' },
    buildInfo: {
      cacheable: true,
      parsed: true,
      fileDependencies: undefined,
      contextDependencies: undefined,
      missingDependencies: undefined,
      buildDependencies: [LazySet],
      valueDependencies: [Map],
      hash: '47520269ff479c65bfb9851c1b85887a',
      assets: undefined,
      assetsInfo: undefined,
      strict: true,
      exportsArgument: '__webpack_exports__',
      topLevelDeclarations: [Set],
      snapshot: [Snapshot]
    },
    presentationalDependencies: [
      [HarmonyCompatibilityDependency],
      [HarmonyExportHeaderDependency]
    ],
    codeGenerationDependencies: undefined,
    request: '/Users/ayushajay/Desktop/Webpack_demo/node_modules/babel-loader/lib/index.js??ruleSet[1].rules[0].use!/Users/ayushajay/Desktop/Webpack_demo/src/b1.js',
    userRequest: '/Users/ayushajay/Desktop/Webpack_demo/src/b1.js',
    rawRequest: './b1',
    binary: false,
    parser: JavascriptParser {
      hooks: [Object],
      sourceType: 'auto',
      scope: undefined,
      state: undefined,
      comments: undefined,
      semicolons: undefined,
      statementPath: undefined,
      prevStatement: undefined,
      destructuringAssignmentProperties: undefined,
      currentTagData: undefined
    },
    parserOptions: undefined,
    generator: JavascriptGenerator {},
    generatorOptions: undefined,
    resource: '/Users/ayushajay/Desktop/Webpack_demo/src/b1.js',
    resourceResolveData: {
      _ResolverCachePluginCacheMiss: true,
      context: [Object],
      path: '/Users/ayushajay/Desktop/Webpack_demo/src/b1.js',
      request: undefined,
      query: '',
      fragment: '',
      module: false,
      directory: false,
      file: false,
      internal: false,
      fullySpecified: false,
      descriptionFilePath: '/Users/ayushajay/Desktop/Webpack_demo/package.json',
      descriptionFileData: [Object],
      descriptionFileRoot: '/Users/ayushajay/Desktop/Webpack_demo',
      relativePath: './src/b1.js',
      __innerRequest_request: undefined,
      __innerRequest_relativePath: './src/b1.js',
      __innerRequest: './src/b1.js'
    },
    matchResource: undefined,
    loaders: [ [Object] ],
    error: null,
    _source: RawSource {
      _valueIsBuffer: false,
      _value: "console.log('B1');\n" +
        'export var b1Func = function b1Func() {\n' +
        "  console.log('b1Func invoked');\n" +
        '};',
      _valueAsBuffer: <Buffer 63 6f 6e 73 6f 6c 65 2e 6c 6f 67 28 27 42 31 27 29 3b 0a 65 78 70 6f 72 74 20 76 61 72 20 62 31 46 75 6e 63 20 3d 20 66 75 6e 63 74 69 6f 6e 20 62 31 ... 44 more bytes>,
      _valueAsString: "console.log('B1');\n" +
        'export var b1Func = function b1Func() {\n' +
        "  console.log('b1Func invoked');\n" +
        '};'
    },
    _sourceSizes: undefined,
    _sourceTypes: undefined,
    _lastSuccessfulBuildMeta: { exportsType: 'namespace' },
    _forceBuild: false,
    _isEvaluatingSideEffects: false,
    _addedSideEffectsBailout: undefined,
    _codeGeneratorData: Map(0) {},
    _ast: null
  } => ModuleGraphModule {
    incomingConnections: SortableSet(2) [Set] {
      [ModuleGraphConnection],
      [ModuleGraphConnection],
      _sortFn: undefined,
      _lastActiveSortFn: Symbol(not sorted),
      _cache: undefined,
      _cacheOrderIndependent: undefined
    },
    outgoingConnections: undefined,
    issuer: NormalModule {
      dependencies: [Array],
      blocks: [],
      parent: undefined,
      type: 'javascript/auto',
      context: '/Users/ayushajay/Desktop/Webpack_demo/src',
      layer: null,
      needId: true,
      debugId: 1007,
      resolveOptions: {},
      factoryMeta: undefined,
      useSourceMap: false,
      useSimpleSourceMap: false,
      _warnings: undefined,
      _errors: undefined,
      buildMeta: [Object],
      buildInfo: [Object],
      presentationalDependencies: [Array],
      codeGenerationDependencies: undefined,
      request: '/Users/ayushajay/Desktop/Webpack_demo/node_modules/babel-loader/lib/index.js??ruleSet[1].rules[0].use!/Users/ayushajay/Desktop/Webpack_demo/src/b.js',
      userRequest: '/Users/ayushajay/Desktop/Webpack_demo/src/b.js',
      rawRequest: './b',
      binary: false,
      parser: [JavascriptParser],
      parserOptions: undefined,
      generator: JavascriptGenerator {},
      generatorOptions: undefined,
      resource: '/Users/ayushajay/Desktop/Webpack_demo/src/b.js',
      resourceResolveData: [Object],
      matchResource: undefined,
      loaders: [Array],
      error: null,
      _source: [RawSource],
      _sourceSizes: undefined,
      _sourceTypes: undefined,
      _lastSuccessfulBuildMeta: [Object],
      _forceBuild: false,
      _isEvaluatingSideEffects: false,
      _addedSideEffectsBailout: undefined,
      _codeGeneratorData: Map(0) {},
      _ast: null
    },
    optimizationBailout: [],
    exports: ExportsInfo {
      _exports: Map(0) {},
      _otherExportsInfo: [ExportInfo],
      _sideEffectsOnlyInfo: [ExportInfo],
      _exportsAreOrdered: false,
      _redirectTo: undefined
    },
    preOrderIndex: null,
    postOrderIndex: null,
    depth: null,
    profile: undefined,
    async: false,
    _unassignedConnections: undefined
  },
  NormalModule {
    dependencies: [ [HarmonyExportSpecifierDependency] ],
    blocks: [],
    parent: undefined,
    type: 'javascript/auto',
    context: '/Users/ayushajay/Desktop/Webpack_demo/src',
    layer: null,
    needId: true,
    debugId: 1010,
    resolveOptions: {},
    factoryMeta: undefined,
    useSourceMap: false,
    useSimpleSourceMap: false,
    _warnings: undefined,
    _errors: undefined,
    buildMeta: { exportsType: 'namespace' },
    buildInfo: {
      cacheable: true,
      parsed: true,
      fileDependencies: undefined,
      contextDependencies: undefined,
      missingDependencies: undefined,
      buildDependencies: [LazySet],
      valueDependencies: [Map],
      hash: '57ba5b79246bb68eceef13891e57d40d',
      assets: undefined,
      assetsInfo: undefined,
      strict: true,
      exportsArgument: '__webpack_exports__',
      topLevelDeclarations: [Set],
      snapshot: [Snapshot]
    },
    presentationalDependencies: [
      [HarmonyCompatibilityDependency],
      [HarmonyExportHeaderDependency]
    ],
    codeGenerationDependencies: undefined,
    request: '/Users/ayushajay/Desktop/Webpack_demo/node_modules/babel-loader/lib/index.js??ruleSet[1].rules[0].use!/Users/ayushajay/Desktop/Webpack_demo/src/c1.js',
    userRequest: '/Users/ayushajay/Desktop/Webpack_demo/src/c1.js',
    rawRequest: './c1',
    binary: false,
    parser: JavascriptParser {
      hooks: [Object],
      sourceType: 'auto',
      scope: undefined,
      state: undefined,
      comments: undefined,
      semicolons: undefined,
      statementPath: undefined,
      prevStatement: undefined,
      destructuringAssignmentProperties: undefined,
      currentTagData: undefined
    },
    parserOptions: undefined,
    generator: JavascriptGenerator {},
    generatorOptions: undefined,
    resource: '/Users/ayushajay/Desktop/Webpack_demo/src/c1.js',
    resourceResolveData: {
      _ResolverCachePluginCacheMiss: true,
      context: [Object],
      path: '/Users/ayushajay/Desktop/Webpack_demo/src/c1.js',
      request: undefined,
      query: '',
      fragment: '',
      module: false,
      directory: false,
      file: false,
      internal: false,
      fullySpecified: false,
      descriptionFilePath: '/Users/ayushajay/Desktop/Webpack_demo/package.json',
      descriptionFileData: [Object],
      descriptionFileRoot: '/Users/ayushajay/Desktop/Webpack_demo',
      relativePath: './src/c1.js',
      __innerRequest_request: undefined,
      __innerRequest_relativePath: './src/c1.js',
      __innerRequest: './src/c1.js'
    },
    matchResource: undefined,
    loaders: [ [Object] ],
    error: null,
    _source: RawSource {
      _valueIsBuffer: false,
      _value: "console.log('C1');\n" +
        'export var c1Func = function c1Func() {\n' +
        "  console.log('c1Func invoked');\n" +
        '};',
      _valueAsBuffer: <Buffer 63 6f 6e 73 6f 6c 65 2e 6c 6f 67 28 27 43 31 27 29 3b 0a 65 78 70 6f 72 74 20 76 61 72 20 63 31 46 75 6e 63 20 3d 20 66 75 6e 63 74 69 6f 6e 20 63 31 ... 44 more bytes>,
      _valueAsString: "console.log('C1');\n" +
        'export var c1Func = function c1Func() {\n' +
        "  console.log('c1Func invoked');\n" +
        '};'
    },
    _sourceSizes: undefined,
    _sourceTypes: undefined,
    _lastSuccessfulBuildMeta: { exportsType: 'namespace' },
    _forceBuild: false,
    _isEvaluatingSideEffects: false,
    _addedSideEffectsBailout: undefined,
    _codeGeneratorData: Map(0) {},
    _ast: null
  } => ModuleGraphModule {
    incomingConnections: SortableSet(2) [Set] {
      [ModuleGraphConnection],
      [ModuleGraphConnection],
      _sortFn: undefined,
      _lastActiveSortFn: Symbol(not sorted),
      _cache: undefined,
      _cacheOrderIndependent: undefined
    },
    outgoingConnections: undefined,
    issuer: NormalModule {
      dependencies: [Array],
      blocks: [],
      parent: undefined,
      type: 'javascript/auto',
      context: '/Users/ayushajay/Desktop/Webpack_demo/src',
      layer: null,
      needId: true,
      debugId: 1008,
      resolveOptions: {},
      factoryMeta: undefined,
      useSourceMap: false,
      useSimpleSourceMap: false,
      _warnings: undefined,
      _errors: undefined,
      buildMeta: [Object],
      buildInfo: [Object],
      presentationalDependencies: [Array],
      codeGenerationDependencies: undefined,
      request: '/Users/ayushajay/Desktop/Webpack_demo/node_modules/babel-loader/lib/index.js??ruleSet[1].rules[0].use!/Users/ayushajay/Desktop/Webpack_demo/src/c.js',
      userRequest: '/Users/ayushajay/Desktop/Webpack_demo/src/c.js',
      rawRequest: './c',
      binary: false,
      parser: [JavascriptParser],
      parserOptions: undefined,
      generator: JavascriptGenerator {},
      generatorOptions: undefined,
      resource: '/Users/ayushajay/Desktop/Webpack_demo/src/c.js',
      resourceResolveData: [Object],
      matchResource: undefined,
      loaders: [Array],
      error: null,
      _source: [RawSource],
      _sourceSizes: undefined,
      _sourceTypes: undefined,
      _lastSuccessfulBuildMeta: [Object],
      _forceBuild: false,
      _isEvaluatingSideEffects: false,
      _addedSideEffectsBailout: undefined,
      _codeGeneratorData: Map(0) {},
      _ast: null
    },
    optimizationBailout: [],
    exports: ExportsInfo {
      _exports: Map(0) {},
      _otherExportsInfo: [ExportInfo],
      _sideEffectsOnlyInfo: [ExportInfo],
      _exportsAreOrdered: false,
      _redirectTo: undefined
    },
    preOrderIndex: null,
    postOrderIndex: null,
    depth: null,
    profile: undefined,
    async: false,
    _unassignedConnections: undefined
  },
  NormalModule {
    dependencies: [
      [HarmonyImportSideEffectDependency],
      [HarmonyImportSpecifierDependency],
      [HarmonyExportSpecifierDependency]
    ],
    blocks: [],
    parent: undefined,
    type: 'javascript/auto',
    context: '/Users/ayushajay/Desktop/Webpack_demo/src',
    layer: null,
    needId: true,
    debugId: 1011,
    resolveOptions: {},
    factoryMeta: undefined,
    useSourceMap: false,
    useSimpleSourceMap: false,
    _warnings: undefined,
    _errors: undefined,
    buildMeta: { exportsType: 'namespace' },
    buildInfo: {
      cacheable: true,
      parsed: true,
      fileDependencies: undefined,
      contextDependencies: undefined,
      missingDependencies: undefined,
      buildDependencies: [LazySet],
      valueDependencies: [Map],
      hash: '9ab8ca374100ffab8973585324d627a4',
      assets: undefined,
      assetsInfo: undefined,
      strict: true,
      exportsArgument: '__webpack_exports__',
      topLevelDeclarations: [Set],
      snapshot: [Snapshot]
    },
    presentationalDependencies: [
      [HarmonyCompatibilityDependency],
      [ConstDependency],
      [HarmonyExportHeaderDependency]
    ],
    codeGenerationDependencies: undefined,
    request: '/Users/ayushajay/Desktop/Webpack_demo/node_modules/babel-loader/lib/index.js??ruleSet[1].rules[0].use!/Users/ayushajay/Desktop/Webpack_demo/src/d.js',
    userRequest: '/Users/ayushajay/Desktop/Webpack_demo/src/d.js',
    rawRequest: './d',
    binary: false,
    parser: JavascriptParser {
      hooks: [Object],
      sourceType: 'auto',
      scope: undefined,
      state: undefined,
      comments: undefined,
      semicolons: undefined,
      statementPath: undefined,
      prevStatement: undefined,
      destructuringAssignmentProperties: undefined,
      currentTagData: undefined
    },
    parserOptions: undefined,
    generator: JavascriptGenerator {},
    generatorOptions: undefined,
    resource: '/Users/ayushajay/Desktop/Webpack_demo/src/d.js',
    resourceResolveData: {
      _ResolverCachePluginCacheMiss: true,
      context: [Object],
      path: '/Users/ayushajay/Desktop/Webpack_demo/src/d.js',
      request: undefined,
      query: '',
      fragment: '',
      module: false,
      directory: false,
      file: false,
      internal: false,
      fullySpecified: false,
      descriptionFilePath: '/Users/ayushajay/Desktop/Webpack_demo/package.json',
      descriptionFileData: [Object],
      descriptionFileRoot: '/Users/ayushajay/Desktop/Webpack_demo',
      relativePath: './src/d.js',
      __innerRequest_request: undefined,
      __innerRequest_relativePath: './src/d.js',
      __innerRequest: './src/d.js'
    },
    matchResource: undefined,
    loaders: [ [Object] ],
    error: null,
    _source: RawSource {
      _valueIsBuffer: false,
      _value: "import { d1Func } from './d1';\n" +
        'd1Func();\n' +
        "console.log('D');\n" +
        'export var dFunc = function dFunc() {\n' +
        "  console.log('dFunc invoked');\n" +
        '};',
      _valueAsBuffer: <Buffer 69 6d 70 6f 72 74 20 7b 20 64 31 46 75 6e 63 20 7d 20 66 72 6f 6d 20 27 2e 2f 64 31 27 3b 0a 64 31 46 75 6e 63 28 29 3b 0a 63 6f 6e 73 6f 6c 65 2e 6c ... 81 more bytes>,
      _valueAsString: "import { d1Func } from './d1';\n" +
        'd1Func();\n' +
        "console.log('D');\n" +
        'export var dFunc = function dFunc() {\n' +
        "  console.log('dFunc invoked');\n" +
        '};'
    },
    _sourceSizes: undefined,
    _sourceTypes: undefined,
    _lastSuccessfulBuildMeta: { exportsType: 'namespace' },
    _forceBuild: false,
    _isEvaluatingSideEffects: false,
    _addedSideEffectsBailout: undefined,
    _codeGeneratorData: Map(0) {},
    _ast: null
  } => ModuleGraphModule {
    incomingConnections: SortableSet(2) [Set] {
      [ModuleGraphConnection],
      [ModuleGraphConnection],
      _sortFn: undefined,
      _lastActiveSortFn: Symbol(not sorted),
      _cache: undefined,
      _cacheOrderIndependent: undefined
    },
    outgoingConnections: SortableSet(2) [Set] {
      [ModuleGraphConnection],
      [ModuleGraphConnection],
      _sortFn: undefined,
      _lastActiveSortFn: Symbol(not sorted),
      _cache: undefined,
      _cacheOrderIndependent: undefined
    },
    issuer: NormalModule {
      dependencies: [Array],
      blocks: [],
      parent: undefined,
      type: 'javascript/auto',
      context: '/Users/ayushajay/Desktop/Webpack_demo/src',
      layer: null,
      needId: true,
      debugId: 1008,
      resolveOptions: {},
      factoryMeta: undefined,
      useSourceMap: false,
      useSimpleSourceMap: false,
      _warnings: undefined,
      _errors: undefined,
      buildMeta: [Object],
      buildInfo: [Object],
      presentationalDependencies: [Array],
      codeGenerationDependencies: undefined,
      request: '/Users/ayushajay/Desktop/Webpack_demo/node_modules/babel-loader/lib/index.js??ruleSet[1].rules[0].use!/Users/ayushajay/Desktop/Webpack_demo/src/c.js',
      userRequest: '/Users/ayushajay/Desktop/Webpack_demo/src/c.js',
      rawRequest: './c',
      binary: false,
      parser: [JavascriptParser],
      parserOptions: undefined,
      generator: JavascriptGenerator {},
      generatorOptions: undefined,
      resource: '/Users/ayushajay/Desktop/Webpack_demo/src/c.js',
      resourceResolveData: [Object],
      matchResource: undefined,
      loaders: [Array],
      error: null,
      _source: [RawSource],
      _sourceSizes: undefined,
      _sourceTypes: undefined,
      _lastSuccessfulBuildMeta: [Object],
      _forceBuild: false,
      _isEvaluatingSideEffects: false,
      _addedSideEffectsBailout: undefined,
      _codeGeneratorData: Map(0) {},
      _ast: null
    },
    optimizationBailout: [],
    exports: ExportsInfo {
      _exports: Map(0) {},
      _otherExportsInfo: [ExportInfo],
      _sideEffectsOnlyInfo: [ExportInfo],
      _exportsAreOrdered: false,
      _redirectTo: undefined
    },
    preOrderIndex: null,
    postOrderIndex: null,
    depth: null,
    profile: undefined,
    async: false,
    _unassignedConnections: [ [ModuleGraphConnection], [ModuleGraphConnection] ]
  },
  NormalModule {
    dependencies: [ [HarmonyExportSpecifierDependency] ],
    blocks: [],
    parent: undefined,
    type: 'javascript/auto',
    context: '/Users/ayushajay/Desktop/Webpack_demo/src',
    layer: null,
    needId: true,
    debugId: 1012,
    resolveOptions: {},
    factoryMeta: undefined,
    useSourceMap: false,
    useSimpleSourceMap: false,
    _warnings: undefined,
    _errors: undefined,
    buildMeta: { exportsType: 'namespace' },
    buildInfo: {
      cacheable: true,
      parsed: true,
      fileDependencies: undefined,
      contextDependencies: undefined,
      missingDependencies: undefined,
      buildDependencies: [LazySet],
      valueDependencies: [Map],
      hash: '02543748b23cd7d41dc5143edf705036',
      assets: undefined,
      assetsInfo: undefined,
      strict: true,
      exportsArgument: '__webpack_exports__',
      topLevelDeclarations: [Set],
      snapshot: [Snapshot]
    },
    presentationalDependencies: [
      [HarmonyCompatibilityDependency],
      [HarmonyExportHeaderDependency]
    ],
    codeGenerationDependencies: undefined,
    request: '/Users/ayushajay/Desktop/Webpack_demo/node_modules/babel-loader/lib/index.js??ruleSet[1].rules[0].use!/Users/ayushajay/Desktop/Webpack_demo/src/d1.js',
    userRequest: '/Users/ayushajay/Desktop/Webpack_demo/src/d1.js',
    rawRequest: './d1',
    binary: false,
    parser: JavascriptParser {
      hooks: [Object],
      sourceType: 'auto',
      scope: undefined,
      state: undefined,
      comments: undefined,
      semicolons: undefined,
      statementPath: undefined,
      prevStatement: undefined,
      destructuringAssignmentProperties: undefined,
      currentTagData: undefined
    },
    parserOptions: undefined,
    generator: JavascriptGenerator {},
    generatorOptions: undefined,
    resource: '/Users/ayushajay/Desktop/Webpack_demo/src/d1.js',
    resourceResolveData: {
      _ResolverCachePluginCacheMiss: true,
      context: [Object],
      path: '/Users/ayushajay/Desktop/Webpack_demo/src/d1.js',
      request: undefined,
      query: '',
      fragment: '',
      module: false,
      directory: false,
      file: false,
      internal: false,
      fullySpecified: false,
      descriptionFilePath: '/Users/ayushajay/Desktop/Webpack_demo/package.json',
      descriptionFileData: [Object],
      descriptionFileRoot: '/Users/ayushajay/Desktop/Webpack_demo',
      relativePath: './src/d1.js',
      __innerRequest_request: undefined,
      __innerRequest_relativePath: './src/d1.js',
      __innerRequest: './src/d1.js'
    },
    matchResource: undefined,
    loaders: [ [Object] ],
    error: null,
    _source: RawSource {
      _valueIsBuffer: false,
      _value: "console.log('D1');\n" +
        'export var d1Func = function d1Func() {\n' +
        "  console.log('d1Func invoked');\n" +
        '};',
      _valueAsBuffer: <Buffer 63 6f 6e 73 6f 6c 65 2e 6c 6f 67 28 27 44 31 27 29 3b 0a 65 78 70 6f 72 74 20 76 61 72 20 64 31 46 75 6e 63 20 3d 20 66 75 6e 63 74 69 6f 6e 20 64 31 ... 44 more bytes>,
      _valueAsString: "console.log('D1');\n" +
        'export var d1Func = function d1Func() {\n' +
        "  console.log('d1Func invoked');\n" +
        '};'
    },
    _sourceSizes: undefined,
    _sourceTypes: undefined,
    _lastSuccessfulBuildMeta: { exportsType: 'namespace' },
    _forceBuild: false,
    _isEvaluatingSideEffects: false,
    _addedSideEffectsBailout: undefined,
    _codeGeneratorData: Map(0) {},
    _ast: null
  } => ModuleGraphModule {
    incomingConnections: SortableSet(2) [Set] {
      [ModuleGraphConnection],
      [ModuleGraphConnection],
      _sortFn: undefined,
      _lastActiveSortFn: Symbol(not sorted),
      _cache: undefined,
      _cacheOrderIndependent: undefined
    },
    outgoingConnections: undefined,
    issuer: NormalModule {
      dependencies: [Array],
      blocks: [],
      parent: undefined,
      type: 'javascript/auto',
      context: '/Users/ayushajay/Desktop/Webpack_demo/src',
      layer: null,
      needId: true,
      debugId: 1011,
      resolveOptions: {},
      factoryMeta: undefined,
      useSourceMap: false,
      useSimpleSourceMap: false,
      _warnings: undefined,
      _errors: undefined,
      buildMeta: [Object],
      buildInfo: [Object],
      presentationalDependencies: [Array],
      codeGenerationDependencies: undefined,
      request: '/Users/ayushajay/Desktop/Webpack_demo/node_modules/babel-loader/lib/index.js??ruleSet[1].rules[0].use!/Users/ayushajay/Desktop/Webpack_demo/src/d.js',
      userRequest: '/Users/ayushajay/Desktop/Webpack_demo/src/d.js',
      rawRequest: './d',
      binary: false,
      parser: [JavascriptParser],
      parserOptions: undefined,
      generator: JavascriptGenerator {},
      generatorOptions: undefined,
      resource: '/Users/ayushajay/Desktop/Webpack_demo/src/d.js',
      resourceResolveData: [Object],
      matchResource: undefined,
      loaders: [Array],
      error: null,
      _source: [RawSource],
      _sourceSizes: undefined,
      _sourceTypes: undefined,
      _lastSuccessfulBuildMeta: [Object],
      _forceBuild: false,
      _isEvaluatingSideEffects: false,
      _addedSideEffectsBailout: undefined,
      _codeGeneratorData: Map(0) {},
      _ast: null
    },
    optimizationBailout: [],
    exports: ExportsInfo {
      _exports: Map(0) {},
      _otherExportsInfo: [ExportInfo],
      _sideEffectsOnlyInfo: [ExportInfo],
      _exportsAreOrdered: false,
      _redirectTo: undefined
    },
    preOrderIndex: null,
    postOrderIndex: null,
    depth: null,
    profile: undefined,
    async: false,
    _unassignedConnections: undefined
  }
}
ROOT
asset a.js 7.47 KiB [compared for emit] (name: a)
asset index.html 228 bytes [compared for emit]
runtime modules 670 bytes 3 modules
cacheable modules 806 bytes
  ./src/a.js 55 bytes [built] [code generated]
  ./src/b.js 169 bytes [built] [code generated]
  ./src/b1.js 94 bytes [built] [code generated]
  ./src/c.js 169 bytes [built] [code generated]
  ./src/c1.js 94 bytes [built] [code generated]
  ./src/d.js 131 bytes [built] [code generated]
  ./src/d1.js 94 bytes [built] [code generated]
webpack 5.85.0 compiled successfully in 822 ms
