
> webpack_demo@1.0.0 dev
> webpack -- --env mode=development

NormalModule {
  dependencies: [],
  blocks: [],
  parent: undefined,
  type: 'javascript/esm',
  context: 'data:text/',
  layer: null,
  needId: true,
  debugId: 1000,
  resolveOptions: { byDependency: { esm: [Object] } },
  factoryMeta: undefined,
  useSourceMap: false,
  useSimpleSourceMap: false,
  _warnings: undefined,
  _errors: undefined,
  buildMeta: { exportsType: 'namespace', strictHarmonyModule: true },
  buildInfo: {
    cacheable: true,
    parsed: true,
    fileDependencies: undefined,
    contextDependencies: undefined,
    missingDependencies: undefined,
    buildDependencies: undefined,
    valueDependencies: Map(1) { 'webpack/DefinePlugin_hash' => '9e418625' },
    hash: 'cecdfe51d241c511a9bdcd9cde914632',
    assets: undefined,
    assetsInfo: undefined,
    strict: true,
    exportsArgument: '__webpack_exports__',
    moduleArgument: '__webpack_module__',
    topLevelDeclarations: Set(0) {},
    snapshot: Snapshot {
      _flags: 1,
      _cachedFileIterable: undefined,
      _cachedContextIterable: undefined,
      _cachedMissingIterable: undefined,
      startTime: 1685965779023,
      fileTimestamps: undefined,
      fileHashes: undefined,
      fileTshs: undefined,
      contextTimestamps: undefined,
      contextHashes: undefined,
      contextTshs: undefined,
      missingExistence: undefined,
      managedItemInfo: undefined,
      managedFiles: undefined,
      managedContexts: undefined,
      managedMissing: undefined,
      children: undefined
    }
  },
  presentationalDependencies: [
    HarmonyCompatibilityDependency {
      _parentModule: undefined,
      _parentDependenciesBlock: undefined,
      _parentDependenciesBlockIndex: -1,
      weak: false,
      optional: false,
      _locSL: -1,
      _locSC: 0,
      _locEL: -1,
      _locEC: 0,
      _locI: -3,
      _locN: undefined,
      _loc: [Object]
    },
    ConstDependency {
      _parentModule: undefined,
      _parentDependenciesBlock: undefined,
      _parentDependenciesBlockIndex: -1,
      weak: false,
      optional: false,
      _locSL: 1,
      _locSC: 26,
      _locEL: 1,
      _locEC: 46,
      _locI: undefined,
      _locN: undefined,
      _loc: [SourceLocation],
      expression: '__webpack_require__.b',
      range: [Array],
      runtimeRequirements: [Set],
      _hashUpdate: undefined
    },
    ConstDependency {
      _parentModule: undefined,
      _parentDependenciesBlock: undefined,
      _parentDependenciesBlockIndex: -1,
      weak: false,
      optional: false,
      _locSL: 1,
      _locSC: 0,
      _locEL: 1,
      _locEC: 23,
      _locI: undefined,
      _locN: undefined,
      _loc: [SourceLocation],
      expression: '__webpack_require__.p',
      range: [Array],
      runtimeRequirements: [Set],
      _hashUpdate: undefined
    }
  ],
  codeGenerationDependencies: undefined,
  request: 'data:text/javascript,__webpack_public_path__ = __webpack_base_uri__ = htmlWebpackPluginPublicPath;',
  userRequest: 'data:text/javascript,__webpack_public_path__ = __webpack_base_uri__ = htmlWebpackPluginPublicPath;',
  rawRequest: 'data:text/javascript,__webpack_public_path__ = __webpack_base_uri__ = htmlWebpackPluginPublicPath;',
  binary: false,
  parser: JavascriptParser {
    hooks: {
      evaluateTypeof: [HookMap],
      evaluate: [HookMap],
      evaluateIdentifier: [HookMap],
      evaluateDefinedIdentifier: [HookMap],
      evaluateNewExpression: [HookMap],
      evaluateCallExpression: [HookMap],
      evaluateCallExpressionMember: [HookMap],
      isPure: [HookMap],
      preStatement: [Hook],
      blockPreStatement: [Hook],
      statement: [Hook],
      statementIf: [Hook],
      classExtendsExpression: [Hook],
      classBodyElement: [Hook],
      classBodyValue: [Hook],
      label: [HookMap],
      import: [Hook],
      importSpecifier: [Hook],
      export: [Hook],
      exportImport: [Hook],
      exportDeclaration: [Hook],
      exportExpression: [Hook],
      exportSpecifier: [Hook],
      exportImportSpecifier: [Hook],
      preDeclarator: [Hook],
      declarator: [Hook],
      varDeclaration: [HookMap],
      varDeclarationLet: [HookMap],
      varDeclarationConst: [HookMap],
      varDeclarationVar: [HookMap],
      pattern: [HookMap],
      canRename: [HookMap],
      rename: [HookMap],
      assign: [HookMap],
      assignMemberChain: [HookMap],
      typeof: [HookMap],
      importCall: [Hook],
      topLevelAwait: [Hook],
      call: [HookMap],
      callMemberChain: [HookMap],
      memberChainOfCallMemberChain: [HookMap],
      callMemberChainOfCallMemberChain: [HookMap],
      optionalChaining: [Hook],
      new: [HookMap],
      binaryExpression: [Hook],
      expression: [HookMap],
      expressionMemberChain: [HookMap],
      unhandledExpressionMemberChain: [HookMap],
      expressionConditionalOperator: [Hook],
      expressionLogicalOperator: [Hook],
      program: [Hook],
      finish: [Hook]
    },
    sourceType: 'module',
    scope: undefined,
    state: undefined,
    comments: undefined,
    semicolons: undefined,
    statementPath: undefined,
    prevStatement: undefined,
    destructuringAssignmentProperties: undefined,
    currentTagData: undefined
  },
  parserOptions: undefined,
  generator: JavascriptGenerator {},
  generatorOptions: undefined,
  resource: 'data:text/javascript,__webpack_public_path__ = __webpack_base_uri__ = htmlWebpackPluginPublicPath;',
  resourceResolveData: {
    mimetype: 'text/javascript',
    parameters: '',
    encoding: false,
    encodedContent: '__webpack_public_path__ = __webpack_base_uri__ = htmlWebpackPluginPublicPath;'
  },
  matchResource: undefined,
  loaders: [],
  error: null,
  _source: RawSource {
    _valueIsBuffer: false,
    _value: '__webpack_public_path__ = __webpack_base_uri__ = htmlWebpackPluginPublicPath;',
    _valueAsBuffer: <Buffer 5f 5f 77 65 62 70 61 63 6b 5f 70 75 62 6c 69 63 5f 70 61 74 68 5f 5f 20 3d 20 5f 5f 77 65 62 70 61 63 6b 5f 62 61 73 65 5f 75 72 69 5f 5f 20 3d 20 68 ... 27 more bytes>,
    _valueAsString: '__webpack_public_path__ = __webpack_base_uri__ = htmlWebpackPluginPublicPath;'
  },
  _sourceSizes: undefined,
  _sourceTypes: undefined,
  _lastSuccessfulBuildMeta: { exportsType: 'namespace', strictHarmonyModule: true },
  _forceBuild: false,
  _isEvaluatingSideEffects: false,
  _addedSideEffectsBailout: undefined,
  _codeGeneratorData: Map(0) {},
  _ast: null
}
javascript,__webpack_public_path__ = __webpack_base_uri__ = htmlWebpackPluginPublicPath;
<ref *1> NormalModule {
  dependencies: [
    HarmonyImportSideEffectDependency {
      _parentModule: [Circular *1],
      _parentDependenciesBlock: [Circular *1],
      _parentDependenciesBlockIndex: 0,
      weak: false,
      optional: false,
      _locSL: 1,
      _locSC: 0,
      _locEL: 1,
      _locEC: 28,
      _locI: undefined,
      _locN: undefined,
      _loc: [SourceLocation],
      request: './b',
      userRequest: './b',
      range: undefined,
      assertions: undefined,
      _context: undefined,
      sourceOrder: 1
    },
    HarmonyImportSpecifierDependency {
      _parentModule: [Circular *1],
      _parentDependenciesBlock: [Circular *1],
      _parentDependenciesBlockIndex: 1,
      weak: false,
      optional: false,
      _locSL: 3,
      _locSC: 0,
      _locEL: 3,
      _locEC: 5,
      _locI: undefined,
      _locN: undefined,
      _loc: [SourceLocation],
      request: './b',
      userRequest: './b',
      range: [Array],
      assertions: undefined,
      _context: undefined,
      sourceOrder: 1,
      ids: [Array],
      name: 'bFunc',
      idRangeStarts: [],
      exportPresenceMode: 2,
      namespaceObjectAsContext: false,
      call: true,
      directImport: true,
      shorthand: undefined,
      asiSafe: true,
      usedByExports: undefined,
      referencedPropertiesInDestructuring: undefined
    }
  ],
  blocks: [],
  parent: undefined,
  type: 'javascript/auto',
  context: '/Users/ayushajay/Desktop/Webpack_demo/src',
  layer: null,
  needId: true,
  debugId: 1006,
  resolveOptions: {},
  factoryMeta: undefined,
  useSourceMap: false,
  useSimpleSourceMap: false,
  _warnings: undefined,
  _errors: undefined,
  buildMeta: { exportsType: 'namespace' },
  buildInfo: {
    cacheable: true,
    parsed: true,
    fileDependencies: undefined,
    contextDependencies: undefined,
    missingDependencies: undefined,
    buildDependencies: LazySet {
      _set: [Set],
      _toMerge: Set(0) {},
      _toDeepMerge: [],
      _needMerge: false,
      _deopt: false
    },
    valueDependencies: Map(1) { 'webpack/DefinePlugin_hash' => '9e418625' },
    hash: 'b68abcb0bf56ae521c6b84e1c7549380',
    assets: undefined,
    assetsInfo: undefined,
    strict: true,
    exportsArgument: '__webpack_exports__',
    topLevelDeclarations: Set(0) {},
    snapshot: Snapshot {
      _flags: 3,
      _cachedFileIterable: undefined,
      _cachedContextIterable: undefined,
      _cachedMissingIterable: undefined,
      startTime: 1685965779023,
      fileTimestamps: [Map],
      fileHashes: undefined,
      fileTshs: undefined,
      contextTimestamps: undefined,
      contextHashes: undefined,
      contextTshs: undefined,
      missingExistence: undefined,
      managedItemInfo: undefined,
      managedFiles: undefined,
      managedContexts: undefined,
      managedMissing: undefined,
      children: undefined
    }
  },
  presentationalDependencies: [
    HarmonyCompatibilityDependency {
      _parentModule: undefined,
      _parentDependenciesBlock: undefined,
      _parentDependenciesBlockIndex: -1,
      weak: false,
      optional: false,
      _locSL: -1,
      _locSC: 0,
      _locEL: -1,
      _locEC: 0,
      _locI: -3,
      _locN: undefined,
      _loc: [Object]
    },
    ConstDependency {
      _parentModule: undefined,
      _parentDependenciesBlock: undefined,
      _parentDependenciesBlockIndex: -1,
      weak: false,
      optional: false,
      _locSL: 1,
      _locSC: 0,
      _locEL: 1,
      _locEC: 28,
      _locI: undefined,
      _locN: undefined,
      _loc: [SourceLocation],
      expression: '',
      range: [Array],
      runtimeRequirements: null,
      _hashUpdate: undefined
    }
  ],
  codeGenerationDependencies: undefined,
  request: '/Users/ayushajay/Desktop/Webpack_demo/node_modules/babel-loader/lib/index.js??ruleSet[1].rules[0].use!/Users/ayushajay/Desktop/Webpack_demo/src/a.js',
  userRequest: '/Users/ayushajay/Desktop/Webpack_demo/src/a.js',
  rawRequest: './src/a.js',
  binary: false,
  parser: JavascriptParser {
    hooks: {
      evaluateTypeof: [HookMap],
      evaluate: [HookMap],
      evaluateIdentifier: [HookMap],
      evaluateDefinedIdentifier: [HookMap],
      evaluateNewExpression: [HookMap],
      evaluateCallExpression: [HookMap],
      evaluateCallExpressionMember: [HookMap],
      isPure: [HookMap],
      preStatement: [Hook],
      blockPreStatement: [Hook],
      statement: [Hook],
      statementIf: [Hook],
      classExtendsExpression: [Hook],
      classBodyElement: [Hook],
      classBodyValue: [Hook],
      label: [HookMap],
      import: [Hook],
      importSpecifier: [Hook],
      export: [Hook],
      exportImport: [Hook],
      exportDeclaration: [Hook],
      exportExpression: [Hook],
      exportSpecifier: [Hook],
      exportImportSpecifier: [Hook],
      preDeclarator: [Hook],
      declarator: [Hook],
      varDeclaration: [HookMap],
      varDeclarationLet: [HookMap],
      varDeclarationConst: [HookMap],
      varDeclarationVar: [HookMap],
      pattern: [HookMap],
      canRename: [HookMap],
      rename: [HookMap],
      assign: [HookMap],
      assignMemberChain: [HookMap],
      typeof: [HookMap],
      importCall: [Hook],
      topLevelAwait: [Hook],
      call: [HookMap],
      callMemberChain: [HookMap],
      memberChainOfCallMemberChain: [HookMap],
      callMemberChainOfCallMemberChain: [HookMap],
      optionalChaining: [Hook],
      new: [HookMap],
      binaryExpression: [Hook],
      expression: [HookMap],
      expressionMemberChain: [HookMap],
      unhandledExpressionMemberChain: [HookMap],
      expressionConditionalOperator: [Hook],
      expressionLogicalOperator: [Hook],
      program: [Hook],
      finish: [Hook]
    },
    sourceType: 'auto',
    scope: undefined,
    state: undefined,
    comments: undefined,
    semicolons: undefined,
    statementPath: undefined,
    prevStatement: undefined,
    destructuringAssignmentProperties: undefined,
    currentTagData: undefined
  },
  parserOptions: undefined,
  generator: JavascriptGenerator {},
  generatorOptions: undefined,
  resource: '/Users/ayushajay/Desktop/Webpack_demo/src/a.js',
  resourceResolveData: {
    _ResolverCachePluginCacheMiss: true,
    context: { issuer: '', issuerLayer: null, compiler: undefined },
    path: '/Users/ayushajay/Desktop/Webpack_demo/src/a.js',
    request: undefined,
    query: '',
    fragment: '',
    module: false,
    directory: false,
    file: false,
    internal: false,
    fullySpecified: false,
    descriptionFilePath: '/Users/ayushajay/Desktop/Webpack_demo/package.json',
    descriptionFileData: {
      name: 'webpack_demo',
      version: '1.0.0',
      description: '',
      main: 'index.js',
      scripts: [Object],
      author: '',
      license: 'ISC',
      devDependencies: [Object],
      dependencies: [Object]
    },
    descriptionFileRoot: '/Users/ayushajay/Desktop/Webpack_demo',
    relativePath: './src/a.js',
    __innerRequest_request: undefined,
    __innerRequest_relativePath: './src/a.js',
    __innerRequest: './src/a.js'
  },
  matchResource: undefined,
  loaders: [
    {
      loader: '/Users/ayushajay/Desktop/Webpack_demo/node_modules/babel-loader/lib/index.js',
      type: undefined,
      options: [Object],
      ident: 'ruleSet[1].rules[0].use'
    }
  ],
  error: null,
  _source: RawSource {
    _valueIsBuffer: false,
    _value: "import { bFunc } from './b';\nconsole.log('A');\nbFunc();",
    _valueAsBuffer: <Buffer 69 6d 70 6f 72 74 20 7b 20 62 46 75 6e 63 20 7d 20 66 72 6f 6d 20 27 2e 2f 62 27 3b 0a 63 6f 6e 73 6f 6c 65 2e 6c 6f 67 28 27 41 27 29 3b 0a 62 46 75 ... 5 more bytes>,
    _valueAsString: "import { bFunc } from './b';\nconsole.log('A');\nbFunc();"
  },
  _sourceSizes: undefined,
  _sourceTypes: undefined,
  _lastSuccessfulBuildMeta: { exportsType: 'namespace' },
  _forceBuild: false,
  _isEvaluatingSideEffects: false,
  _addedSideEffectsBailout: undefined,
  _codeGeneratorData: Map(0) {},
  _ast: null
}
a.js
b.js
b1.js
c.js
c1.js
d.js
d1.js
asset a.js 7.47 KiB [compared for emit] (name: a)
asset index.html 228 bytes [compared for emit]
runtime modules 670 bytes 3 modules
cacheable modules 806 bytes
  ./src/a.js 55 bytes [built] [code generated]
  ./src/b.js 169 bytes [built] [code generated]
  ./src/b1.js 94 bytes [built] [code generated]
  ./src/c.js 169 bytes [built] [code generated]
  ./src/c1.js 94 bytes [built] [code generated]
  ./src/d.js 131 bytes [built] [code generated]
  ./src/d1.js 94 bytes [built] [code generated]
webpack 5.85.0 compiled successfully in 1748 ms
